Arguments: 
  /usr/local/bin/node /usr/local/Cellar/yarn/1.5.1_1/libexec/bin/yarn.js install

PATH: 
  /usr/local/bin:/usr/bin:/bin:/usr/sbin:/sbin:/usr/local/mysql/bin:/usr/local/share/dotnet:/opt/X11/bin:/Library/Frameworks/Mono.framework/Versions/Current/Commands

Yarn version: 
  1.5.1

Node version: 
  6.11.0

Platform: 
  darwin x64

npm manifest: 
  {
    "private": true,
    "workspaces": [
      "packages/*"
    ],
    "devDependencies": {
      "prettier": "1.13.5"
    },
    "prettier": {
      "singleQuote": true,
      "trailingComma": "none",
      "bracketSpacing": false,
      "jsxBracketSameLine": true,
      "printWidth": 100
    }
  }

yarn manifest: 
  No manifest

Lockfile: 
  No lockfile

Trace: 
  Error: EEXIST: file already exists, mkdir '/Volumes/TarDisk/GitHub/eventr/node_modules/@weaver/client'
      at Error (native)
